# JRE version: OpenJDK Runtime Environment Temurin-17.0.14+7 (17.0.14+7) (build 17.0.14+7)
# Java VM: OpenJDK 64-Bit Server VM Temurin-17.0.14+7 (17.0.14+7, mixed mode, sharing, tiered, compressed oops, compressed class ptrs, g1 gc, windows-amd64)
GC Precious Log:
 CPUs: 12 total, 12 available
 Memory: 15985M
 Large Page Support: Disabled
 NUMA Support: Disabled
 Compressed Oops: Enabled (Zero based)
 Heap Region Size: 2M
 Heap Min Capacity: 8M
 Heap Initial Capacity: 250M
 Heap Max Capacity: 3998M
 Pre-touch: Disabled
 Parallel Workers: 10
 Concurrent Workers: 3
 Concurrent Refinement Workers: 10
 Periodic GC: Disabled
Heap:
 garbage-first heap   total 280576K, used 141073K [0x0000000706200000, 0x0000000800000000)
  region size 2048K, 33 young (67584K), 1 survivors (2048K)
 Metaspace       used 68359K, committed 68992K, reserved 1114112K
  class space    used 7645K, committed 8000K, reserved 1048576K
GC Heap History (20 events):
Event: 4206.434 GC heap before
{Heap before GC invocations=214 (full 0):
 garbage-first heap   total 280576K, used 243179K [0x0000000706200000, 0x0000000800000000)
  region size 2048K, 82 young (167936K), 1 survivors (2048K)
 Metaspace       used 68358K, committed 68992K, reserved 1114112K
  class space    used 7645K, committed 8000K, reserved 1048576K
}
Event: 4206.439 GC heap after
{Heap after GC invocations=215 (full 0):
 garbage-first heap   total 280576K, used 81916K [0x0000000706200000, 0x0000000800000000)
  region size 2048K, 3 young (6144K), 3 survivors (6144K)
 Metaspace       used 68358K, committed 68992K, reserved 1114112K
  class space    used 7645K, committed 8000K, reserved 1048576K
}
Event: 4212.656 GC heap before
{Heap before GC invocations=216 (full 0):
 garbage-first heap   total 280576K, used 239612K [0x0000000706200000, 0x0000000800000000)
  region size 2048K, 80 young (163840K), 3 survivors (6144K)
 Metaspace       used 68358K, committed 68992K, reserved 1114112K
  class space    used 7645K, committed 8000K, reserved 1048576K
}
Event: 4212.660 GC heap after
{Heap after GC invocations=217 (full 0):
 garbage-first heap   total 280576K, used 82173K [0x0000000706200000, 0x0000000800000000)
  region size 2048K, 3 young (6144K), 3 survivors (6144K)
 Metaspace       used 68358K, committed 68992K, reserved 1114112K
  class space    used 7645K, committed 8000K, reserved 1048576K
}
Event: 4212.852 GC heap before
{Heap before GC invocations=217 (full 0):
 garbage-first heap   total 280576K, used 88317K [0x0000000706200000, 0x0000000800000000)
  region size 2048K, 6 young (12288K), 3 survivors (6144K)
 Metaspace       used 68358K, committed 68992K, reserved 1114112K
  class space    used 7645K, committed 8000K, reserved 1048576K
}
Event: 4212.864 GC heap after
{Heap after GC invocations=218 (full 0):
 garbage-first heap   total 280576K, used 79087K [0x0000000706200000, 0x0000000800000000)
  region size 2048K, 1 young (2048K), 1 survivors (2048K)
 Metaspace       used 68358K, committed 68992K, reserved 1114112K
  class space    used 7645K, committed 8000K, reserved 1048576K
}
Event: 4218.024 GC heap before
{Heap before GC invocations=218 (full 0):
 garbage-first heap   total 280576K, used 240879K [0x0000000706200000, 0x0000000800000000)
  region size 2048K, 80 young (163840K), 1 survivors (2048K)
 Metaspace       used 68358K, committed 68992K, reserved 1114112K
  class space    used 7645K, committed 8000K, reserved 1048576K
}
Event: 4218.025 GC heap after
{Heap after GC invocations=219 (full 0):
 garbage-first heap   total 280576K, used 79213K [0x0000000706200000, 0x0000000800000000)
  region size 2048K, 1 young (2048K), 1 survivors (2048K)
 Metaspace       used 68358K, committed 68992K, reserved 1114112K
  class space    used 7645K, committed 8000K, reserved 1048576K
}
Event: 4228.188 GC heap before
{Heap before GC invocations=220 (full 0):
 garbage-first heap   total 280576K, used 241005K [0x0000000706200000, 0x0000000800000000)
  region size 2048K, 80 young (163840K), 1 survivors (2048K)
 Metaspace       used 68358K, committed 68992K, reserved 1114112K
  class space    used 7645K, committed 8000K, reserved 1048576K
}
Event: 4228.189 GC heap after
{Heap after GC invocations=221 (full 0):
 garbage-first heap   total 280576K, used 79191K [0x0000000706200000, 0x0000000800000000)
  region size 2048K, 1 young (2048K), 1 survivors (2048K)
 Metaspace       used 68358K, committed 68992K, reserved 1114112K
  class space    used 7645K, committed 8000K, reserved 1048576K
}
Event: 4228.439 GC heap before
{Heap before GC invocations=221 (full 0):
 garbage-first heap   total 280576K, used 89431K [0x0000000706200000, 0x0000000800000000)
  region size 2048K, 6 young (12288K), 1 survivors (2048K)
 Metaspace       used 68358K, committed 68992K, reserved 1114112K
  class space    used 7645K, committed 8000K, reserved 1048576K
}
Event: 4228.441 GC heap after
{Heap after GC invocations=222 (full 0):
 garbage-first heap   total 280576K, used 78214K [0x0000000706200000, 0x0000000800000000)
  region size 2048K, 1 young (2048K), 1 survivors (2048K)
 Metaspace       used 68358K, committed 68992K, reserved 1114112K
  class space    used 7645K, committed 8000K, reserved 1048576K
}
Event: 4232.686 GC heap before
{Heap before GC invocations=222 (full 0):
 garbage-first heap   total 280576K, used 244102K [0x0000000706200000, 0x0000000800000000)
  region size 2048K, 82 young (167936K), 1 survivors (2048K)
 Metaspace       used 68358K, committed 68992K, reserved 1114112K
  class space    used 7645K, committed 8000K, reserved 1048576K
}
Event: 4232.688 GC heap after
{Heap after GC invocations=223 (full 0):
 garbage-first heap   total 280576K, used 78480K [0x0000000706200000, 0x0000000800000000)
  region size 2048K, 1 young (2048K), 1 survivors (2048K)
 Metaspace       used 68358K, committed 68992K, reserved 1114112K
  class space    used 7645K, committed 8000K, reserved 1048576K
}
Event: 4239.346 GC heap before
{Heap before GC invocations=224 (full 0):
 garbage-first heap   total 280576K, used 244368K [0x0000000706200000, 0x0000000800000000)
  region size 2048K, 82 young (167936K), 1 survivors (2048K)
 Metaspace       used 68358K, committed 68992K, reserved 1114112K
  class space    used 7645K, committed 8000K, reserved 1048576K
}
Event: 4239.347 GC heap after
{Heap after GC invocations=225 (full 0):
 garbage-first heap   total 280576K, used 78218K [0x0000000706200000, 0x0000000800000000)
  region size 2048K, 1 young (2048K), 1 survivors (2048K)
 Metaspace       used 68358K, committed 68992K, reserved 1114112K
  class space    used 7645K, committed 8000K, reserved 1048576K
}
Event: 4239.686 GC heap before
{Heap before GC invocations=225 (full 0):
 garbage-first heap   total 280576K, used 88458K [0x0000000706200000, 0x0000000800000000)
  region size 2048K, 6 young (12288K), 1 survivors (2048K)
 Metaspace       used 68358K, committed 68992K, reserved 1114112K
  class space    used 7645K, committed 8000K, reserved 1048576K
}
Event: 4239.688 GC heap after
{Heap after GC invocations=226 (full 0):
 garbage-first heap   total 280576K, used 77400K [0x0000000706200000, 0x0000000800000000)
  region size 2048K, 1 young (2048K), 1 survivors (2048K)
 Metaspace       used 68358K, committed 68992K, reserved 1114112K
  class space    used 7645K, committed 8000K, reserved 1048576K
}
Event: 4245.029 GC heap before
{Heap before GC invocations=226 (full 0):
 garbage-first heap   total 280576K, used 243288K [0x0000000706200000, 0x0000000800000000)
  region size 2048K, 82 young (167936K), 1 survivors (2048K)
 Metaspace       used 68358K, committed 68992K, reserved 1114112K
  class space    used 7645K, committed 8000K, reserved 1048576K
}
Event: 4245.031 GC heap after
{Heap after GC invocations=227 (full 0):
 garbage-first heap   total 280576K, used 77585K [0x0000000706200000, 0x0000000800000000)
  region size 2048K, 1 young (2048K), 1 survivors (2048K)
 Metaspace       used 68358K, committed 68992K, reserved 1114112K
  class space    used 7645K, committed 8000K, reserved 1048576K
}

